[ 2024-12-08 14:44:28,585 ] 1025 httpx - INFO - HTTP Request: GET https://dagshub.com/api/v1/user "HTTP/1.1 200 OK"
[ 2024-12-08 14:44:28,592 ] 107 dagshub - INFO - Accessing as jayyang93
[ 2024-12-08 14:44:29,186 ] 1025 httpx - INFO - HTTP Request: GET https://dagshub.com/api/v1/repos/jayyang93/NetworkSecurity "HTTP/1.1 200 OK"
[ 2024-12-08 14:44:29,735 ] 1025 httpx - INFO - HTTP Request: GET https://dagshub.com/api/v1/user "HTTP/1.1 200 OK"
[ 2024-12-08 14:44:29,739 ] 107 dagshub - INFO - Initialized MLflow to track repo "jayyang93/NetworkSecurity"
[ 2024-12-08 14:44:29,740 ] 107 dagshub - INFO - Repository jayyang93/NetworkSecurity initialized!
[ 2024-12-08 14:45:43,024 ] 37 root - INFO - Start data ingestion
[ 2024-12-08 14:45:45,135 ] 39 root - INFO - df from mongo db shape: (11055, 32)
[ 2024-12-08 14:45:45,236 ] 64 root - INFO - DataFrame shape: (11055, 31)
[ 2024-12-08 14:45:45,244 ] 70 root - INFO - Train set shape: (8844, 31)
[ 2024-12-08 14:45:45,244 ] 71 root - INFO - Test set shape: (2211, 31)
[ 2024-12-08 14:45:45,245 ] 76 root - INFO - Directory path created: Artifacts\08_12_2024_14_44_23\data_ingestion\ingested
[ 2024-12-08 14:45:45,245 ] 79 root - INFO - Exporting train and test datasets to CSV.
[ 2024-12-08 14:45:45,323 ] 86 root - INFO - Exported train and test datasets successfully.
[ 2024-12-08 14:45:45,323 ] 42 root - INFO - Data Ingestion completed and artifact: DataIngestionArtifact(trained_file_path='Artifacts\\08_12_2024_14_44_23\\data_ingestion\\ingested\\train.csv', test_file_path='Artifacts\\08_12_2024_14_44_23\\data_ingestion\\ingested\\test.csv')
[ 2024-12-08 14:45:45,332 ] 52 root - INFO - Initiate the data validation
[ 2024-12-08 14:45:45,406 ] 36 root - INFO - Required number of columns: 2
[ 2024-12-08 14:45:45,407 ] 37 root - INFO - Data frame has columns: 31
[ 2024-12-08 14:45:45,407 ] 36 root - INFO - Required number of columns: 2
[ 2024-12-08 14:45:45,407 ] 37 root - INFO - Data frame has columns: 31
[ 2024-12-08 14:45:45,618 ] 62 root - INFO - Initiate data transformation
[ 2024-12-08 14:45:45,618 ] 58 root - INFO - Starting Data Transformation
[ 2024-12-08 14:45:45,657 ] 44 root - INFO - Entered get_data_transformer_object method of Transformation class
[ 2024-12-08 14:45:45,657 ] 49 root - INFO - Initialise KNNImputer with {'missing_values': nan, 'n_neighbors': 3, 'weights': 'uniform'}
[ 2024-12-08 14:45:45,673 ] 57 root - INFO - Entered the save_object mthod of MainUtils class
[ 2024-12-08 14:45:45,679 ] 61 root - INFO - Exited the save_object method of MainUtils class
[ 2024-12-08 14:45:45,679 ] 57 root - INFO - Entered the save_object mthod of MainUtils class
[ 2024-12-08 14:45:45,684 ] 61 root - INFO - Exited the save_object method of MainUtils class
[ 2024-12-08 14:49:50,808 ] 111 root - INFO - best model is RandomForestClassifier(n_estimators=256, verbose=1)
[ 2024-12-08 14:50:21,965 ] 57 root - INFO - Entered the save_object mthod of MainUtils class
[ 2024-12-08 14:50:22,020 ] 61 root - INFO - Exited the save_object method of MainUtils class
[ 2024-12-08 14:50:22,020 ] 57 root - INFO - Entered the save_object mthod of MainUtils class
[ 2024-12-08 14:50:22,059 ] 61 root - INFO - Exited the save_object method of MainUtils class
[ 2024-12-08 14:50:22,060 ] 141 root - INFO - Model trainer artifact: ModelTrainerArtifact(trained_model_file_path='Artifacts\\08_12_2024_14_44_23\\model_trainer\\trained_model\\model.pkl', train_metric_artifact=ClassificationMetricArtifact(f1_score=np.float64(0.9909727152855259), precision_score=np.float64(0.9874671518091773), recall_score=np.float64(0.9945032573289903)), test_metric_artifact=ClassificationMetricArtifact(f1_score=np.float64(0.9755118426334806), precision_score=np.float64(0.9751203852327448), recall_score=np.float64(0.9759036144578314)))
