[ 2024-12-08 14:56:41,086 ] 1025 httpx - INFO - HTTP Request: GET https://dagshub.com/api/v1/user "HTTP/1.1 200 OK"
[ 2024-12-08 14:56:41,093 ] 107 dagshub - INFO - Accessing as jayyang93
[ 2024-12-08 14:56:41,726 ] 1025 httpx - INFO - HTTP Request: GET https://dagshub.com/api/v1/repos/jayyang93/NetworkSecurity "HTTP/1.1 200 OK"
[ 2024-12-08 14:56:42,243 ] 1025 httpx - INFO - HTTP Request: GET https://dagshub.com/api/v1/user "HTTP/1.1 200 OK"
[ 2024-12-08 14:56:42,246 ] 107 dagshub - INFO - Initialized MLflow to track repo "jayyang93/NetworkSecurity"
[ 2024-12-08 14:56:42,247 ] 107 dagshub - INFO - Repository jayyang93/NetworkSecurity initialized!
[ 2024-12-08 14:56:46,812 ] 37 root - INFO - Start data ingestion
[ 2024-12-08 14:56:49,274 ] 39 root - INFO - df from mongo db shape: (11055, 32)
[ 2024-12-08 14:56:49,362 ] 64 root - INFO - DataFrame shape: (11055, 31)
[ 2024-12-08 14:56:49,369 ] 70 root - INFO - Train set shape: (8844, 31)
[ 2024-12-08 14:56:49,369 ] 71 root - INFO - Test set shape: (2211, 31)
[ 2024-12-08 14:56:49,370 ] 76 root - INFO - Directory path created: Artifacts\08_12_2024_14_56_35\data_ingestion\ingested
[ 2024-12-08 14:56:49,370 ] 79 root - INFO - Exporting train and test datasets to CSV.
[ 2024-12-08 14:56:49,434 ] 86 root - INFO - Exported train and test datasets successfully.
[ 2024-12-08 14:56:49,435 ] 42 root - INFO - Data Ingestion completed and artifact: DataIngestionArtifact(trained_file_path='Artifacts\\08_12_2024_14_56_35\\data_ingestion\\ingested\\train.csv', test_file_path='Artifacts\\08_12_2024_14_56_35\\data_ingestion\\ingested\\test.csv')
[ 2024-12-08 14:56:49,441 ] 52 root - INFO - Initiate the data validation
[ 2024-12-08 14:56:49,498 ] 36 root - INFO - Required number of columns: 2
[ 2024-12-08 14:56:49,498 ] 37 root - INFO - Data frame has columns: 31
[ 2024-12-08 14:56:49,498 ] 36 root - INFO - Required number of columns: 2
[ 2024-12-08 14:56:49,498 ] 37 root - INFO - Data frame has columns: 31
[ 2024-12-08 14:56:49,684 ] 62 root - INFO - Initiate data transformation
[ 2024-12-08 14:56:49,684 ] 58 root - INFO - Starting Data Transformation
[ 2024-12-08 14:56:49,717 ] 44 root - INFO - Entered get_data_transformer_object method of Transformation class
[ 2024-12-08 14:56:49,717 ] 49 root - INFO - Initialise KNNImputer with {'missing_values': nan, 'n_neighbors': 3, 'weights': 'uniform'}
[ 2024-12-08 14:56:49,732 ] 57 root - INFO - Entered the save_object mthod of MainUtils class
[ 2024-12-08 14:56:49,737 ] 61 root - INFO - Exited the save_object method of MainUtils class
[ 2024-12-08 14:56:49,737 ] 57 root - INFO - Entered the save_object mthod of MainUtils class
[ 2024-12-08 14:56:49,741 ] 61 root - INFO - Exited the save_object method of MainUtils class
[ 2024-12-08 15:00:08,904 ] 111 root - INFO - best model is RandomForestClassifier(n_estimators=128, verbose=1)
[ 2024-12-08 15:00:35,118 ] 57 root - INFO - Entered the save_object mthod of MainUtils class
[ 2024-12-08 15:00:35,147 ] 61 root - INFO - Exited the save_object method of MainUtils class
[ 2024-12-08 15:00:35,148 ] 57 root - INFO - Entered the save_object mthod of MainUtils class
[ 2024-12-08 15:00:35,175 ] 61 root - INFO - Exited the save_object method of MainUtils class
[ 2024-12-08 15:00:35,175 ] 141 root - INFO - Model trainer artifact: ModelTrainerArtifact(trained_model_file_path='Artifacts\\08_12_2024_14_56_35\\model_trainer\\trained_model\\model.pkl', train_metric_artifact=ClassificationMetricArtifact(f1_score=np.float64(0.9911021233569262), precision_score=np.float64(0.9879056641806088), recall_score=np.float64(0.9943193345506188)), test_metric_artifact=ClassificationMetricArtifact(f1_score=np.float64(0.9762384212645993), precision_score=np.float64(0.9657370517928286), recall_score=np.float64(0.9869706840390879)))
