[ 2024-12-08 11:32:11,705 ] 160 numexpr.utils - INFO - NumExpr defaulting to 8 threads.
[ 2024-12-08 11:32:19,752 ] 1025 httpx - INFO - HTTP Request: GET https://dagshub.com/api/v1/user "HTTP/1.1 200 OK"
[ 2024-12-08 11:32:19,761 ] 107 dagshub - INFO - Accessing as jayyang93
[ 2024-12-08 11:32:20,146 ] 1025 httpx - INFO - HTTP Request: GET https://dagshub.com/api/v1/repos/jayyang93/NetworkSecurity "HTTP/1.1 200 OK"
[ 2024-12-08 11:32:20,520 ] 1025 httpx - INFO - HTTP Request: GET https://dagshub.com/api/v1/user "HTTP/1.1 200 OK"
[ 2024-12-08 11:32:20,526 ] 107 dagshub - INFO - Initialized MLflow to track repo "jayyang93/NetworkSecurity"
[ 2024-12-08 11:32:20,529 ] 107 dagshub - INFO - Repository jayyang93/NetworkSecurity initialized!
[ 2024-12-08 11:32:20,529 ] 25 root - INFO - Initiate the data ingestion
[ 2024-12-08 11:32:23,202 ] 39 root - INFO - df from mongo db shape: (11055, 32)
[ 2024-12-08 11:32:23,292 ] 64 root - INFO - DataFrame shape: (11055, 31)
[ 2024-12-08 11:32:23,300 ] 70 root - INFO - Train set shape: (8844, 31)
[ 2024-12-08 11:32:23,300 ] 71 root - INFO - Test set shape: (2211, 31)
[ 2024-12-08 11:32:23,301 ] 76 root - INFO - Directory path created: Artifacts\08_12_2024_11_32_12\data_ingestion\ingested
[ 2024-12-08 11:32:23,301 ] 79 root - INFO - Exporting train and test datasets to CSV.
[ 2024-12-08 11:32:23,364 ] 86 root - INFO - Exported train and test datasets successfully.
[ 2024-12-08 11:32:23,365 ] 27 root - INFO - Data Initiation Completed
[ 2024-12-08 11:32:23,365 ] 31 root - INFO - Initiate the data validation
[ 2024-12-08 11:32:23,455 ] 36 root - INFO - Required number of columns: 2
[ 2024-12-08 11:32:23,455 ] 37 root - INFO - Data frame has columns: 31
[ 2024-12-08 11:32:23,455 ] 36 root - INFO - Required number of columns: 2
[ 2024-12-08 11:32:23,455 ] 37 root - INFO - Data frame has columns: 31
[ 2024-12-08 11:32:23,669 ] 35 root - INFO - Data Validation Completed
[ 2024-12-08 11:32:23,691 ] 39 root - INFO - Initiate the data transformation
[ 2024-12-08 11:32:23,691 ] 58 root - INFO - Starting Data Transformation
[ 2024-12-08 11:32:23,742 ] 44 root - INFO - Entered get_data_transformer_object method of Transformation class
[ 2024-12-08 11:32:23,742 ] 49 root - INFO - Initialise KNNImputer with {'missing_values': nan, 'n_neighbors': 3, 'weights': 'uniform'}
[ 2024-12-08 11:32:23,765 ] 57 root - INFO - Entered the save_object mthod of MainUtils class
[ 2024-12-08 11:32:23,771 ] 61 root - INFO - Exited the save_object method of MainUtils class
[ 2024-12-08 11:32:23,771 ] 57 root - INFO - Entered the save_object mthod of MainUtils class
[ 2024-12-08 11:32:23,777 ] 61 root - INFO - Exited the save_object method of MainUtils class
[ 2024-12-08 11:32:23,779 ] 43 root - INFO - Data Transformation Completed
[ 2024-12-08 11:32:23,780 ] 47 root - INFO - Model Training started
[ 2024-12-08 11:36:06,116 ] 111 root - INFO - best model is RandomForestClassifier(n_estimators=32, verbose=1)
[ 2024-12-08 11:36:32,376 ] 57 root - INFO - Entered the save_object mthod of MainUtils class
[ 2024-12-08 11:36:32,383 ] 61 root - INFO - Exited the save_object method of MainUtils class
[ 2024-12-08 11:36:32,383 ] 57 root - INFO - Entered the save_object mthod of MainUtils class
[ 2024-12-08 11:36:32,392 ] 61 root - INFO - Exited the save_object method of MainUtils class
[ 2024-12-08 11:36:32,392 ] 141 root - INFO - Model trainer artifact: ModelTrainerArtifact(trained_model_file_path='Artifacts\\08_12_2024_11_32_12\\model_trainer\\trained_model\\model.pkl', train_metric_artifact=ClassificationMetricArtifact(f1_score=0.9919371094537391, precision_score=0.9907388765854641, recall_score=0.9931382441977801), test_metric_artifact=ClassificationMetricArtifact(f1_score=0.9721876297218763, precision_score=0.9701739850869926, recall_score=0.9742096505823628))
[ 2024-12-08 11:36:32,393 ] 52 root - INFO - Model Training artifact created
