[ 2024-12-08 12:25:32,142 ] 1025 httpx - INFO - HTTP Request: GET https://dagshub.com/api/v1/user "HTTP/1.1 200 OK"
[ 2024-12-08 12:25:32,148 ] 107 dagshub - INFO - Accessing as jayyang93
[ 2024-12-08 12:25:32,721 ] 1025 httpx - INFO - HTTP Request: GET https://dagshub.com/api/v1/repos/jayyang93/NetworkSecurity "HTTP/1.1 200 OK"
[ 2024-12-08 12:25:33,287 ] 1025 httpx - INFO - HTTP Request: GET https://dagshub.com/api/v1/user "HTTP/1.1 200 OK"
[ 2024-12-08 12:25:33,291 ] 107 dagshub - INFO - Initialized MLflow to track repo "jayyang93/NetworkSecurity"
[ 2024-12-08 12:25:33,291 ] 107 dagshub - INFO - Repository jayyang93/NetworkSecurity initialized!
[ 2024-12-08 12:25:37,642 ] 33 root - INFO - Start data ingestion
[ 2024-12-08 12:25:39,613 ] 39 root - INFO - df from mongo db shape: (11055, 32)
[ 2024-12-08 12:25:39,708 ] 64 root - INFO - DataFrame shape: (11055, 31)
[ 2024-12-08 12:25:39,715 ] 70 root - INFO - Train set shape: (8844, 31)
[ 2024-12-08 12:25:39,715 ] 71 root - INFO - Test set shape: (2211, 31)
[ 2024-12-08 12:25:39,716 ] 76 root - INFO - Directory path created: Artifacts\08_12_2024_12_25_28\data_ingestion\ingested
[ 2024-12-08 12:25:39,716 ] 79 root - INFO - Exporting train and test datasets to CSV.
[ 2024-12-08 12:25:39,780 ] 86 root - INFO - Exported train and test datasets successfully.
[ 2024-12-08 12:25:39,780 ] 38 root - INFO - Data Ingestion completed and artifact: DataIngestionArtifact(trained_file_path='Artifacts\\08_12_2024_12_25_28\\data_ingestion\\ingested\\train.csv', test_file_path='Artifacts\\08_12_2024_12_25_28\\data_ingestion\\ingested\\test.csv')
[ 2024-12-08 12:25:39,786 ] 48 root - INFO - Initiate the data validation
[ 2024-12-08 12:25:39,855 ] 36 root - INFO - Required number of columns: 2
[ 2024-12-08 12:25:39,855 ] 37 root - INFO - Data frame has columns: 31
[ 2024-12-08 12:25:39,855 ] 36 root - INFO - Required number of columns: 2
[ 2024-12-08 12:25:39,855 ] 37 root - INFO - Data frame has columns: 31
[ 2024-12-08 12:25:40,017 ] 58 root - INFO - Initiate data transformation
[ 2024-12-08 12:25:40,017 ] 58 root - INFO - Starting Data Transformation
[ 2024-12-08 12:25:40,042 ] 44 root - INFO - Entered get_data_transformer_object method of Transformation class
[ 2024-12-08 12:25:40,042 ] 49 root - INFO - Initialise KNNImputer with {'missing_values': nan, 'n_neighbors': 3, 'weights': 'uniform'}
[ 2024-12-08 12:25:40,055 ] 57 root - INFO - Entered the save_object mthod of MainUtils class
[ 2024-12-08 12:25:40,059 ] 61 root - INFO - Exited the save_object method of MainUtils class
[ 2024-12-08 12:25:40,059 ] 57 root - INFO - Entered the save_object mthod of MainUtils class
[ 2024-12-08 12:25:40,062 ] 61 root - INFO - Exited the save_object method of MainUtils class
[ 2024-12-08 12:29:19,384 ] 111 root - INFO - best model is RandomForestClassifier(n_estimators=128, verbose=1)
[ 2024-12-08 12:29:46,958 ] 57 root - INFO - Entered the save_object mthod of MainUtils class
[ 2024-12-08 12:29:46,980 ] 61 root - INFO - Exited the save_object method of MainUtils class
[ 2024-12-08 12:29:46,980 ] 57 root - INFO - Entered the save_object mthod of MainUtils class
[ 2024-12-08 12:29:47,002 ] 61 root - INFO - Exited the save_object method of MainUtils class
[ 2024-12-08 12:29:47,002 ] 141 root - INFO - Model trainer artifact: ModelTrainerArtifact(trained_model_file_path='Artifacts\\08_12_2024_12_25_28\\model_trainer\\trained_model\\model.pkl', train_metric_artifact=ClassificationMetricArtifact(f1_score=np.float64(0.9917087967644085), precision_score=np.float64(0.9889090542448075), recall_score=np.float64(0.9945244372338268)), test_metric_artifact=ClassificationMetricArtifact(f1_score=np.float64(0.9788789601949635), precision_score=np.float64(0.9749190938511327), recall_score=np.float64(0.9828711256117455)))
