[ 2024-12-08 11:11:38,061 ] 25 root - INFO - Initiate the data ingestion
[ 2024-12-08 11:11:40,340 ] 39 root - INFO - df from mongo db shape: (11055, 32)
[ 2024-12-08 11:11:40,454 ] 64 root - INFO - DataFrame shape: (11055, 31)
[ 2024-12-08 11:11:40,465 ] 70 root - INFO - Train set shape: (8844, 31)
[ 2024-12-08 11:11:40,465 ] 71 root - INFO - Test set shape: (2211, 31)
[ 2024-12-08 11:11:40,467 ] 76 root - INFO - Directory path created: Artifacts\08_12_2024_11_11_34\data_ingestion\ingested
[ 2024-12-08 11:11:40,468 ] 79 root - INFO - Exporting train and test datasets to CSV.
[ 2024-12-08 11:11:40,532 ] 86 root - INFO - Exported train and test datasets successfully.
[ 2024-12-08 11:11:40,533 ] 27 root - INFO - Data Initiation Completed
[ 2024-12-08 11:11:40,533 ] 31 root - INFO - Initiate the data validation
[ 2024-12-08 11:11:40,606 ] 36 root - INFO - Required number of columns: 2
[ 2024-12-08 11:11:40,607 ] 37 root - INFO - Data frame has columns: 31
[ 2024-12-08 11:11:40,607 ] 36 root - INFO - Required number of columns: 2
[ 2024-12-08 11:11:40,607 ] 37 root - INFO - Data frame has columns: 31
[ 2024-12-08 11:11:40,765 ] 35 root - INFO - Data Validation Completed
[ 2024-12-08 11:11:40,766 ] 39 root - INFO - Initiate the data transformation
[ 2024-12-08 11:11:40,766 ] 58 root - INFO - Starting Data Transformation
[ 2024-12-08 11:11:40,792 ] 44 root - INFO - Entered get_data_transformer_object method of Transformation class
[ 2024-12-08 11:11:40,792 ] 49 root - INFO - Initialise KNNImputer with {'missing_values': nan, 'n_neighbors': 3, 'weights': 'uniform'}
[ 2024-12-08 11:11:40,814 ] 57 root - INFO - Entered the save_object mthod of MainUtils class
[ 2024-12-08 11:11:40,820 ] 61 root - INFO - Exited the save_object method of MainUtils class
[ 2024-12-08 11:11:40,821 ] 43 root - INFO - Data Transformation Completed
[ 2024-12-08 11:11:40,822 ] 47 root - INFO - Model Training started
[ 2024-12-08 11:15:24,043 ] 109 root - INFO - best model is RandomForestClassifier(n_estimators=64, verbose=1)
[ 2024-12-08 11:15:35,271 ] 57 root - INFO - Entered the save_object mthod of MainUtils class
[ 2024-12-08 11:15:35,286 ] 61 root - INFO - Exited the save_object method of MainUtils class
[ 2024-12-08 11:15:35,286 ] 136 root - INFO - Model trainer artifact: ModelTrainerArtifact(trained_model_file_path='Artifacts\\08_12_2024_11_11_34\\model_trainer\\trained_model\\model.pkl', train_metric_artifact=ClassificationMetricArtifact(f1_score=np.float64(0.9913889170296829), precision_score=np.float64(0.987886129618413), recall_score=np.float64(0.9949166327775518)), test_metric_artifact=ClassificationMetricArtifact(f1_score=np.float64(0.9743795036028823), precision_score=np.float64(0.9666401906274821), recall_score=np.float64(0.9822437449556094)))
[ 2024-12-08 11:15:35,288 ] 52 root - INFO - Model Training artifact created
