[ 2024-12-07 15:15:35,473 ] 23 root - INFO - Initiate the data ingestion
[ 2024-12-07 15:15:37,291 ] 39 root - INFO - df from mongo db shape: (11055, 32)
[ 2024-12-07 15:15:37,348 ] 64 root - INFO - DataFrame shape: (11055, 31)
[ 2024-12-07 15:15:37,351 ] 70 root - INFO - Train set shape: (8844, 31)
[ 2024-12-07 15:15:37,351 ] 71 root - INFO - Test set shape: (2211, 31)
[ 2024-12-07 15:15:37,352 ] 76 root - INFO - Directory path created: Artifacts\07_12_2024_15_15_34\data_ingestion\ingested
[ 2024-12-07 15:15:37,352 ] 79 root - INFO - Exporting train and test datasets to CSV.
[ 2024-12-07 15:15:37,400 ] 86 root - INFO - Exported train and test datasets successfully.
[ 2024-12-07 15:15:37,400 ] 25 root - INFO - Data Initiation Completed
[ 2024-12-07 15:15:37,401 ] 29 root - INFO - Initiate the data validation
[ 2024-12-07 15:15:37,470 ] 36 root - INFO - Required number of columns: 2
[ 2024-12-07 15:15:37,470 ] 37 root - INFO - Data frame has columns: 31
[ 2024-12-07 15:15:37,470 ] 36 root - INFO - Required number of columns: 2
[ 2024-12-07 15:15:37,470 ] 37 root - INFO - Data frame has columns: 31
[ 2024-12-07 15:15:37,606 ] 33 root - INFO - Data Validation Completed
[ 2024-12-07 15:15:37,608 ] 37 root - INFO - Initiate the data transformation
[ 2024-12-07 15:15:37,608 ] 58 root - INFO - Starting Data Transformation
[ 2024-12-07 15:15:37,627 ] 44 root - INFO - Entered get_data_transformer_object method of Transformation class
[ 2024-12-07 15:15:37,627 ] 49 root - INFO - Initialise KNNImputer with {'missing_values': nan, 'n_neighbors': 3, 'weights': 'uniform'}
[ 2024-12-07 15:15:37,641 ] 43 root - INFO - Entered the save_object mthod of MainUtils class
[ 2024-12-07 15:15:37,645 ] 47 root - INFO - Exited the save_object method of MainUtils class
[ 2024-12-07 15:15:37,646 ] 41 root - INFO - Data Transformation Completed
